2019-08-06 18:54:54,695 - _log - INFO - Connected (version 2.0, client OpenSSH_7.4)
2019-08-06 18:54:54,770 - _log - INFO - Authentication (publickey) successful!
2019-08-06 18:54:54,849 - _log - INFO - [chan 0] Opened sftp connection (server version 3)
2019-08-06 18:54:54,849 - _connect - INFO - SSH 连接到服务器：172.16.6.11,端口为：22,用户名为：root
2019-08-06 18:54:54,856 - exec_command - INFO - 输入命令： /root/go/bin/hashgard version
2019-08-06 18:54:54,954 - exec_command - INFO - 返回结果：
hashgard: 0.7.0-5-gc92b83a
2019-08-06 18:54:55,004 - exec_command - INFO - 输入命令： cd /root/go/src/github.com/hashgard/hashgard;git status
2019-08-06 18:54:55,034 - exec_command - INFO - 返回结果：
# 位于分支 master
无文件要提交，干净的工作区
2019-08-06 18:54:55,084 - exec_command - INFO - 输入命令： cd /root/go/src/github.com/hashgard/hashgard;pwd
2019-08-06 18:54:55,100 - exec_command - INFO - 返回结果：
/root/go/src/github.com/hashgard/hashgard
2019-08-06 18:54:55,150 - exec_command - INFO - 输入命令： cd /root/go/bin/;md5sum hashgard
2019-08-06 18:54:55,273 - exec_command - INFO - 返回结果：
54f3b9104230a6ee4d092b1f1d15d2fb  hashgard
2019-08-06 18:54:55,326 - exec_command - INFO - 输入命令： pwd
2019-08-06 18:54:55,341 - exec_command - INFO - 返回结果：
/root
2019-08-06 18:54:55,341 - close - INFO - 文件传输服务关闭
2019-08-06 18:54:55,341 - close - INFO - SSH 命令服务关闭
