2019-08-05 18:39:53,723 - _log - INFO - Connected (version 2.0, client OpenSSH_7.4)
2019-08-05 18:39:53,802 - _log - INFO - Authentication (publickey) successful!
2019-08-05 18:39:53,881 - _log - INFO - [chan 0] Opened sftp connection (server version 3)
2019-08-05 18:39:53,881 - _connect - INFO - SSH 连接到服务器：172.16.6.11,端口为：22,用户名为：root
2019-08-05 18:39:53,888 - exec_command - INFO - 输入命令： /root/go/bin/hashgard version
2019-08-05 18:39:53,992 - exec_command - INFO - 返回结果：
hashgard: 0.7.0-5-gc92b83a
2019-08-05 18:39:54,042 - exec_command - INFO - 输入命令： cd /root/go/src/github.com/hashgard/hashgard;git status
2019-08-05 18:39:54,072 - exec_command - INFO - 返回结果：
# 位于分支 master
无文件要提交，干净的工作区
2019-08-05 18:39:54,157 - exec_command - INFO - 输入命令： cd /root/go/src/github.com/hashgard/hashgard;pwd
2019-08-05 18:39:54,177 - exec_command - INFO - 返回结果：
/root/go/src/github.com/hashgard/hashgard
2019-08-05 18:39:54,226 - exec_command - INFO - 输入命令： cd /root/go/bin/;md5sum hashgard
2019-08-05 18:39:54,364 - exec_command - INFO - 返回结果：
54f3b9104230a6ee4d092b1f1d15d2fb  hashgard
2019-08-05 18:39:54,413 - exec_command - INFO - 输入命令： pwd
2019-08-05 18:39:54,430 - exec_command - INFO - 返回结果：
/root
2019-08-05 18:39:54,430 - close - INFO - 文件传输服务关闭
2019-08-05 18:39:54,430 - close - INFO - SSH 命令服务关闭
