2019-08-06 19:03:08,967 - _log - INFO - Connected (version 2.0, client OpenSSH_7.4)
2019-08-06 19:03:09,039 - _log - INFO - Authentication (publickey) successful!
2019-08-06 19:03:09,206 - _log - INFO - [chan 0] Opened sftp connection (server version 3)
2019-08-06 19:03:09,206 - _connect - INFO - SSH 连接到服务器：172.16.6.9,端口为：22,用户名为：root
2019-08-06 19:03:09,213 - exec_command - INFO - 输入命令： /root/go/bin/hashgard version
2019-08-06 19:03:09,334 - exec_command - INFO - 报错信息：
bash: /root/go/bin/hashgard: 没有那个文件或目录
2019-08-06 19:03:09,384 - exec_command - INFO - 输入命令： cd /root/go/src/github.com/hashgard/hashgard;git status
2019-08-06 19:03:09,507 - exec_command - INFO - 报错信息：
bash: 第 0 行:cd: /root/go/src/github.com/hashgard/hashgard: 没有那个文件或目录
fatal: Not a git repository (or any of the parent directories): .git
2019-08-06 19:03:09,557 - exec_command - INFO - 输入命令： cd /root/go/src/github.com/hashgard/hashgard;pwd
2019-08-06 19:03:09,675 - exec_command - INFO - 返回结果：
/root
2019-08-06 19:03:09,726 - exec_command - INFO - 输入命令： cd /root/go/bin/;md5sum hashgard
2019-08-06 19:03:09,875 - exec_command - INFO - 报错信息：
bash: 第 0 行:cd: /root/go/bin/: 没有那个文件或目录
md5sum: hashgard: 没有那个文件或目录
2019-08-06 19:03:09,926 - exec_command - INFO - 输入命令： pwd
2019-08-06 19:03:10,038 - exec_command - INFO - 返回结果：
/root
2019-08-06 19:03:10,039 - close - INFO - 文件传输服务关闭
2019-08-06 19:03:10,039 - close - INFO - SSH 命令服务关闭
